<?xml version="1.0" encoding="UTF-8"?>
<testng-results ignored="0" total="1" passed="1" failed="0" skipped="0">
  <reporter-output>
  </reporter-output>
  <suite started-at="2021-12-21T11:57:17 IST" name="Default suite" finished-at="2021-12-21T11:57:30 IST" duration-ms="13224">
    <groups>
    </groups>
    <test started-at="2021-12-21T11:57:17 IST" name="Default test" finished-at="2021-12-21T11:57:30 IST" duration-ms="13224">
      <class name="mainClassExecution.MainClass">
        <test-method is-config="true" signature="PreRequisite()[pri:0, instance:mainClassExecution.MainClass@483f6d77]" started-at="2021-12-21T11:57:17 IST" name="PreRequisite" finished-at="2021-12-21T11:57:22 IST" duration-ms="5191" status="PASS">
          <reporter-output>
          </reporter-output>
        </test-method> <!-- PreRequisite -->
        <test-method signature="validLogin()[pri:0, instance:mainClassExecution.MainClass@483f6d77]" started-at="2021-12-21T11:57:22 IST" name="validLogin" finished-at="2021-12-21T11:57:30 IST" duration-ms="7990" status="PASS">
          <reporter-output>
          </reporter-output>
        </test-method> <!-- validLogin -->
        <test-method is-config="true" signature="postRequisite()[pri:0, instance:mainClassExecution.MainClass@483f6d77]" started-at="2021-12-21T11:57:30 IST" name="postRequisite" finished-at="2021-12-21T11:57:30 IST" duration-ms="0" status="PASS">
          <reporter-output>
          </reporter-output>
        </test-method> <!-- postRequisite -->
      </class> <!-- mainClassExecution.MainClass -->
    </test> <!-- Default test -->
  </suite> <!-- Default suite -->
</testng-results>
